{"C:\\meal-applicaton\\src\\App.vue": {"path":"C:\\meal-applicaton\\src\\App.vue","statementMap":{"0":{"start":{"line":40,"column":15},"end":{"line":40,"column":null}}},"fnMap":{},"branchMap":{},"s":{"0":1},"f":{},"b":{}}
,"C:\\meal-applicaton\\src\\components\\Home.vue": {"path":"C:\\meal-applicaton\\src\\components\\Home.vue","statementMap":{"0":{"start":{"line":64,"column":15},"end":{"line":64,"column":null}},"1":{"start":{"line":68,"column":4},"end":{"line":68,"column":11}}},"fnMap":{"0":{"name":"data","decl":{"start":{"line":64,"column":15},"end":{"line":64,"column":null}},"loc":{"start":{"line":67,"column":9},"end":{"line":73,"column":null}}},"1":{"name":"getList","decl":{"start":{"line":75,"column":11},"end":{"line":75,"column":null}},"loc":{"start":{"line":76,"column":14},"end":{"line":84,"column":null}}}},"branchMap":{},"s":{"0":1,"1":2},"f":{"0":2,"1":0},"b":{}}
,"C:\\meal-applicaton\\src\\components\\RandomMeal.vue": {"path":"C:\\meal-applicaton\\src\\components\\RandomMeal.vue","statementMap":{"0":{"start":{"line":83,"column":15},"end":{"line":83,"column":null}},"1":{"start":{"line":86,"column":4},"end":{"line":86,"column":11}}},"fnMap":{"0":{"name":"data","decl":{"start":{"line":83,"column":15},"end":{"line":83,"column":null}},"loc":{"start":{"line":85,"column":9},"end":{"line":91,"column":null}}},"1":{"name":"getList","decl":{"start":{"line":92,"column":11},"end":{"line":92,"column":null}},"loc":{"start":{"line":93,"column":14},"end":{"line":101,"column":null}}}},"branchMap":{},"s":{"0":1,"1":0},"f":{"0":0,"1":0},"b":{}}
,"C:\\meal-applicaton\\src\\components\\Search.vue": {"path":"C:\\meal-applicaton\\src\\components\\Search.vue","statementMap":{"0":{"start":{"line":121,"column":15},"end":{"line":121,"column":null}},"1":{"start":{"line":125,"column":4},"end":{"line":125,"column":11}},"2":{"start":{"line":134,"column":4},"end":{"line":134,"column":9}},"3":{"start":{"line":138,"column":6},"end":{"line":138,"column":11}},"4":{"start":{"line":139,"column":6},"end":{"line":139,"column":13}}},"fnMap":{"0":{"name":"data","decl":{"start":{"line":121,"column":15},"end":{"line":121,"column":null}},"loc":{"start":{"line":124,"column":9},"end":{"line":132,"column":null}}},"1":{"name":"getMeal","decl":{"start":{"line":136,"column":11},"end":{"line":136,"column":null}},"loc":{"start":{"line":137,"column":14},"end":{"line":154,"column":null}}}},"branchMap":{},"s":{"0":1,"1":0,"2":0,"3":0,"4":0},"f":{"0":0,"1":0},"b":{}}
,"C:\\meal-applicaton\\src\\router\\index.js": {"path":"C:\\meal-applicaton\\src\\router\\index.js","statementMap":{"0":{"start":{"line":6,"column":17},"end":{"line":22,"column":1}},"1":{"start":{"line":23,"column":15},"end":{"line":26,"column":2}}},"fnMap":{},"branchMap":{},"s":{"0":1,"1":1},"f":{},"b":{},"_coverageSchema":"1a1c01bbd47fc00a2c39e90264f33305004495a9","hash":"b347036d695bab1d112300c3a3ffcecd85c4e751"}
}
