TN:
SF:src\App.vue
FNF:0
FNH:0
DA:40,1
LF:1
LH:1
BRF:0
BRH:0
end_of_record
TN:
SF:src\components\Home.vue
FN:64,data
FN:75,getList
FNF:2
FNH:1
FNDA:2,data
FNDA:0,getList
DA:64,1
DA:68,2
LF:2
LH:2
BRF:0
BRH:0
end_of_record
TN:
SF:src\components\RandomMeal.vue
FN:84,data
FN:94,getList
FNF:2
FNH:0
FNDA:0,data
FNDA:0,getList
DA:84,1
DA:87,0
LF:2
LH:1
BRF:0
BRH:0
end_of_record
TN:
SF:src\components\Search.vue
FN:101,data
FN:115,getMeal
FNF:2
FNH:0
FNDA:0,data
FNDA:0,getMeal
DA:101,1
DA:105,0
DA:117,0
DA:118,0
DA:119,0
LF:5
LH:1
BRF:0
BRH:0
end_of_record
TN:
SF:src\router\index.js
FNF:0
FNH:0
DA:6,1
DA:23,1
LF:2
LH:2
BRF:0
BRH:0
end_of_record
